        -:    0:Source:lifeseq.c
        -:    0:Graph:./lifeseq.gcno
        -:    0:Data:./lifeseq.gcda
        -:    0:Runs:1
        -:    1:/*****************************************************************************
        -:    2: * life.c
        -:    3: * The original sequential implementation resides here.
        -:    4: * Do not modify this file, but you are encouraged to borrow from it
        -:    5: ****************************************************************************/
        -:    6:#include "life.h"
        -:    7:#include "util.h"
        -:    8:
        -:    9:/**
        -:   10: * Swapping the two boards only involves swapping pointers, not
        -:   11: * copying values.
        -:   12: */
        -:   13:#define SWAP_BOARDS( b1, b2 )  do { \
        -:   14:  char* temp = b1; \
        -:   15:  b1 = b2; \
        -:   16:  b2 = temp; \
        -:   17:} while(0)
        -:   18:
        -:   19:#define BOARD( __board, __i, __j )  (__board[(__i) + LDA*(__j)])
        -:   20:
        -:   21:
        -:   22:    char*
        1:   23:sequential_game_of_life (char* outboard, 
        -:   24:        char* inboard,
        -:   25:        const int nrows,
        -:   26:        const int ncols,
        -:   27:        const int gens_max)
        -:   28:{
        -:   29:    /* HINT: in the parallel decomposition, LDA may not be equal to
        -:   30:       nrows! */
        1:   31:    const int LDA = nrows;
        -:   32:    int curgen, i, j;
        -:   33:
    10001:   34:    for (curgen = 0; curgen < gens_max; curgen++)
        -:   35:    {
        -:   36:        /* HINT: you'll be parallelizing these loop(s) by doing a
        -:   37:           geometric decomposition of the output */
 10250000:   38:        for (i = 0; i < nrows; i++)
        -:   39:        {
10496000000:   40:            for (j = 0; j < ncols; j++)
        -:   41:            {
10485760000:   42:                const int inorth = mod (i-1, nrows);
10485760000:   43:                const int isouth = mod (i+1, nrows);
10485760000:   44:                const int jwest = mod (j-1, ncols);
10485760000:   45:                const int jeast = mod (j+1, ncols);
        -:   46:
10485760000:   47:                const char neighbor_count = 
10485760000:   48:                    BOARD (inboard, inorth, jwest) + 
10485760000:   49:                    BOARD (inboard, inorth, j) + 
10485760000:   50:                    BOARD (inboard, inorth, jeast) + 
10485760000:   51:                    BOARD (inboard, i, jwest) +
10485760000:   52:                    BOARD (inboard, i, jeast) + 
10485760000:   53:                    BOARD (inboard, isouth, jwest) +
10485760000:   54:                    BOARD (inboard, isouth, j) + 
10485760000:   55:                    BOARD (inboard, isouth, jeast);
        -:   56:
10485760000:   57:                BOARD(outboard, i, j) = alivep (neighbor_count, BOARD (inboard, i, j));
        -:   58:
        -:   59:            }
        -:   60:        }
    10000:   61:        SWAP_BOARDS( outboard, inboard );
        -:   62:
        -:   63:    }
        -:   64:    /* 
        -:   65:     * We return the output board, so that we know which one contains
        -:   66:     * the final result (because we've been swapping boards around).
        -:   67:     * Just be careful when you free() the two boards, so that you don't
        -:   68:     * free the same one twice!!! 
        -:   69:     */
        1:   70:    return inboard;
        -:   71:}
        -:   72:
        -:   73:
